<?xml version="1.0" encoding="UTF-8"?>
<!-- Generated by org.testng.reporters.JUnitXMLReporter -->
<testsuite hostname="Sander-notebook" name="Default test" tests="3" failures="0" timestamp="21 Oct 2015 07:55:15 GMT" time="0.198" errors="0">
  <testcase name="testProcessCheckExistingValueInList" time="0.169" classname="nl.xillio.xill.plugins.list.constructs.ContainsConstructTest"/>
  <testcase name="testProcessCheckExistingValueInObject" time="0.011" classname="nl.xillio.xill.plugins.list.constructs.ContainsConstructTest"/>
  <testcase name="testProcessInvalidTypeCheck" time="0.001" classname="nl.xillio.xill.plugins.list.constructs.ContainsConstructTest"/>
</testsuite> <!-- Default test -->
