<?xml version="1.0" encoding="UTF-8"?>
<testng-results skipped="0" failed="0" total="3" passed="3">
  <reporter-output>
  </reporter-output>
  <suite name="Default suite" duration-ms="198" started-at="2015-10-21T07:55:15Z" finished-at="2015-10-21T07:55:15Z">
    <groups>
    </groups>
    <test name="Default test" duration-ms="198" started-at="2015-10-21T07:55:15Z" finished-at="2015-10-21T07:55:15Z">
      <class name="nl.xillio.xill.plugins.list.constructs.ContainsConstructTest">
        <test-method status="PASS" signature="testProcessCheckExistingValueInList()[pri:0, instance:nl.xillio.xill.plugins.list.constructs.ContainsConstructTest@20d3d15a]" name="testProcessCheckExistingValueInList" duration-ms="169" started-at="2015-10-21T09:55:15Z" finished-at="2015-10-21T09:55:15Z">
          <reporter-output>
          </reporter-output>
        </test-method> <!-- testProcessCheckExistingValueInList -->
        <test-method status="PASS" signature="testProcessCheckExistingValueInObject()[pri:0, instance:nl.xillio.xill.plugins.list.constructs.ContainsConstructTest@20d3d15a]" name="testProcessCheckExistingValueInObject" duration-ms="11" started-at="2015-10-21T09:55:15Z" finished-at="2015-10-21T09:55:15Z">
          <reporter-output>
          </reporter-output>
        </test-method> <!-- testProcessCheckExistingValueInObject -->
        <test-method status="PASS" signature="testProcessInvalidTypeCheck()[pri:0, instance:nl.xillio.xill.plugins.list.constructs.ContainsConstructTest@20d3d15a]" name="testProcessInvalidTypeCheck" duration-ms="1" started-at="2015-10-21T09:55:15Z" finished-at="2015-10-21T09:55:15Z">
          <exception class="nl.xillio.xill.api.errors.NotImplementedException">
            <message>
              <![CDATA[This type is not implemented.]]>
            </message>
            <full-stacktrace>
              <![CDATA[nl.xillio.xill.api.errors.NotImplementedException: This type is not implemented.
	at nl.xillio.xill.plugins.list.constructs.ContainsConstruct.process(ContainsConstruct.java:61)
	at nl.xillio.xill.plugins.list.constructs.ContainsConstructTest.testProcessInvalidTypeCheck(ContainsConstructTest.java:112)
	at sun.reflect.NativeMethodAccessorImpl.invoke0(Native Method)
	at sun.reflect.NativeMethodAccessorImpl.invoke(NativeMethodAccessorImpl.java:62)
	at sun.reflect.DelegatingMethodAccessorImpl.invoke(DelegatingMethodAccessorImpl.java:43)
	at java.lang.reflect.Method.invoke(Method.java:497)
	at org.testng.internal.MethodInvocationHelper.invokeMethod(MethodInvocationHelper.java:85)
	at org.testng.internal.Invoker.invokeMethod(Invoker.java:639)
	at org.testng.internal.Invoker.invokeTestMethod(Invoker.java:816)
	at org.testng.internal.Invoker.invokeTestMethods(Invoker.java:1124)
	at org.testng.internal.TestMethodWorker.invokeTestMethods(TestMethodWorker.java:125)
	at org.testng.internal.TestMethodWorker.run(TestMethodWorker.java:108)
	at org.testng.TestRunner.privateRun(TestRunner.java:774)
	at org.testng.TestRunner.run(TestRunner.java:624)
	at org.testng.SuiteRunner.runTest(SuiteRunner.java:359)
	at org.testng.SuiteRunner.runSequentially(SuiteRunner.java:354)
	at org.testng.SuiteRunner.privateRun(SuiteRunner.java:312)
	at org.testng.SuiteRunner.run(SuiteRunner.java:261)
	at org.testng.SuiteRunnerWorker.runSuite(SuiteRunnerWorker.java:52)
	at org.testng.SuiteRunnerWorker.run(SuiteRunnerWorker.java:86)
	at org.testng.TestNG.runSuitesSequentially(TestNG.java:1191)
	at org.testng.TestNG.runSuitesLocally(TestNG.java:1116)
	at org.testng.TestNG.run(TestNG.java:1024)
	at org.testng.remote.RemoteTestNG.run(RemoteTestNG.java:112)
	at org.testng.remote.RemoteTestNG.initAndRun(RemoteTestNG.java:205)
	at org.testng.remote.RemoteTestNG.main(RemoteTestNG.java:176)
]]>
            </full-stacktrace>
          </exception> <!-- nl.xillio.xill.api.errors.NotImplementedException -->
          <reporter-output>
          </reporter-output>
        </test-method> <!-- testProcessInvalidTypeCheck -->
      </class> <!-- nl.xillio.xill.plugins.list.constructs.ContainsConstructTest -->
    </test> <!-- Default test -->
  </suite> <!-- Default suite -->
</testng-results>
